<?xml version="1.0" encoding="UTF-8"?>
<!-- Generated by org.testng.reporters.JUnitReportReporter -->
<testsuite skipped="0" hostname="Shubham" name="cstud" tests="1" failures="0" timestamp="05 Apr 2024 16:12:09 GMT" time="0.228" errors="0">
  <testcase name="textImportexport1" time="0.228" classname="cstud"/>
</testsuite> <!-- cstud -->
